2025-11-10 17:56:13,457 - __main__ - INFO - Creating system instance...
2025-11-10 17:56:13,458 - main - INFO - Initializing TrackSite Attendance System...
2025-11-10 17:56:13,459 - config.database - INFO - SQLite database initialized
2025-11-10 17:56:13,550 - config.database - INFO - MySQL connection established
2025-11-10 17:56:13,550 - models.face_recognizer - INFO - Loading face encodings...
2025-11-10 17:56:13,665 - config.database - INFO - Cached 1 face encodings
2025-11-10 17:56:13,665 - models.face_recognizer - INFO - Loaded 1 face encodings
2025-11-10 17:56:13,666 - utils.gpio_handler - INFO - GPIO Handler: PC mode (no hardware)
2025-11-10 17:56:13,666 - __main__ - INFO - Initializing system components...
2025-11-10 17:56:13,667 - main - INFO - Initializing components...
2025-11-10 17:56:26,410 - utils.camera - INFO - Camera initialized successfully
2025-11-10 17:56:26,427 - models.face_recognizer - INFO - Loading face encodings...
2025-11-10 17:56:26,522 - config.database - INFO - Cached 1 face encodings
2025-11-10 17:56:26,523 - models.face_recognizer - INFO - Loaded 1 face encodings
2025-11-10 17:56:26,523 - main - INFO - System initialization complete
2025-11-10 17:56:26,523 - __main__ - INFO - System initialized successfully!
2025-11-10 17:56:26,525 - main - INFO - Starting attendance system...
2025-11-10 17:56:26,525 - main - INFO - Sync worker started
2025-11-10 17:56:31,415 - main - INFO - Recognized: Test Worker (ID: 4)
2025-11-10 17:56:31,541 - config.database - ERROR - Query execution failed: 1452 (23000): Cannot add or update a child row: a foreign key constraint fails (`construction_management`.`activity_logs`, CONSTRAINT `activity_logs_ibfk_1` FOREIGN KEY (`user_id`) REFERENCES `users` (`user_id`) ON DELETE SET NULL)
2025-11-10 17:56:35,444 - main - INFO - Recognized: Test Worker (ID: 4)
2025-11-10 17:56:35,445 - main - WARNING - Attendance error: Already scanned recently
2025-11-10 17:56:38,267 - main - INFO - Recognized: Test Worker (ID: 4)
2025-11-10 17:56:38,267 - main - WARNING - Attendance error: Already scanned recently
2025-11-10 17:56:41,234 - main - INFO - Recognized: Test Worker (ID: 4)
2025-11-10 17:56:41,235 - main - WARNING - Attendance error: Already scanned recently
2025-11-10 17:56:44,214 - main - INFO - Recognized: Test Worker (ID: 4)
2025-11-10 17:56:44,214 - main - WARNING - Attendance error: Already scanned recently
2025-11-10 17:56:47,081 - main - INFO - Recognized: Test Worker (ID: 4)
2025-11-10 17:56:47,082 - main - WARNING - Attendance error: Already scanned recently
2025-11-10 17:56:49,936 - main - INFO - Recognized: Test Worker (ID: 4)
2025-11-10 17:56:49,936 - main - WARNING - Attendance error: Already scanned recently
2025-11-10 17:56:52,909 - main - INFO - Recognized: Test Worker (ID: 4)
2025-11-10 17:56:52,910 - main - WARNING - Attendance error: Already scanned recently
2025-11-10 17:56:54,913 - main - INFO - Quit key pressed
2025-11-10 17:56:54,913 - main - INFO - Shutting down system...
2025-11-10 17:57:00,213 - utils.camera - INFO - Camera released
2025-11-10 17:57:00,235 - config.database - INFO - MySQL connection closed
2025-11-10 17:57:00,242 - main - INFO - Shutdown complete
2025-11-10 17:59:42,962 - __main__ - INFO - Creating system instance...
2025-11-10 17:59:42,963 - main - INFO - Initializing TrackSite Attendance System...
2025-11-10 17:59:42,965 - config.database - INFO - SQLite database initialized
2025-11-10 17:59:43,069 - config.database - INFO - MySQL connection established
2025-11-10 17:59:43,070 - models.face_recognizer - INFO - Loading face encodings...
2025-11-10 17:59:43,152 - config.database - INFO - Cached 1 face encodings
2025-11-10 17:59:43,153 - models.face_recognizer - INFO - Loaded 1 face encodings
2025-11-10 17:59:43,154 - utils.gpio_handler - INFO - GPIO Handler: PC mode (no hardware)
2025-11-10 17:59:43,155 - __main__ - INFO - Initializing system components...
2025-11-10 17:59:43,155 - main - INFO - Initializing components...
2025-11-10 17:59:55,879 - utils.camera - INFO - Camera initialized successfully
2025-11-10 17:59:55,920 - models.face_recognizer - INFO - Loading face encodings...
2025-11-10 17:59:56,043 - config.database - INFO - Cached 1 face encodings
2025-11-10 17:59:56,044 - models.face_recognizer - INFO - Loaded 1 face encodings
2025-11-10 17:59:56,044 - main - INFO - System initialization complete
2025-11-10 17:59:56,044 - __main__ - INFO - System initialized successfully!
2025-11-10 17:59:56,046 - main - INFO - Starting attendance system...
2025-11-10 17:59:56,047 - main - INFO - Sync worker started
2025-11-10 17:59:59,169 - main - INFO - Recognized: Test Worker (ID: 4)
2025-11-10 17:59:59,171 - main - INFO - Prompting time-out for Test Worker
2025-11-10 18:00:04,236 - main - INFO - Time-out prompt timed out
2025-11-10 18:00:05,133 - main - INFO - Recognized: Test Worker (ID: 4)
2025-11-10 18:00:05,135 - main - INFO - Prompting time-out for Test Worker
2025-11-10 18:00:10,161 - main - INFO - Time-out prompt timed out
2025-11-10 18:00:10,961 - main - INFO - Recognized: Test Worker (ID: 4)
2025-11-10 18:00:10,962 - main - INFO - Prompting time-out for Test Worker
2025-11-10 18:00:15,990 - main - INFO - Time-out prompt timed out
2025-11-10 18:00:16,668 - main - INFO - Recognized: Test Worker (ID: 4)
2025-11-10 18:00:16,671 - main - INFO - Prompting time-out for Test Worker
2025-11-10 18:00:21,720 - main - INFO - Time-out prompt timed out
2025-11-10 18:00:22,432 - main - INFO - Recognized: Test Worker (ID: 4)
2025-11-10 18:00:22,434 - main - INFO - Prompting time-out for Test Worker
2025-11-10 18:00:25,552 - main - INFO - Time-out cancelled
2025-11-10 18:00:26,273 - main - INFO - Recognized: Test Worker (ID: 4)
2025-11-10 18:00:26,274 - main - INFO - Prompting time-out for Test Worker
2025-11-10 18:00:26,957 - main - INFO - Time-out cancelled
2025-11-10 18:00:28,448 - main - INFO - Recognized: Test Worker (ID: 4)
2025-11-10 18:00:28,449 - main - INFO - Prompting time-out for Test Worker
2025-11-10 18:00:33,531 - main - INFO - Time-out prompt timed out
2025-11-10 18:00:34,402 - main - INFO - Recognized: Test Worker (ID: 4)
2025-11-10 18:00:34,404 - main - INFO - Prompting time-out for Test Worker
2025-11-10 18:00:39,460 - main - INFO - Time-out prompt timed out
2025-11-10 18:00:40,127 - main - INFO - Recognized: Test Worker (ID: 4)
2025-11-10 18:00:40,129 - main - INFO - Prompting time-out for Test Worker
2025-11-10 18:00:45,182 - main - INFO - Time-out prompt timed out
2025-11-10 18:00:45,890 - main - INFO - Recognized: Test Worker (ID: 4)
2025-11-10 18:00:45,891 - main - INFO - Prompting time-out for Test Worker
2025-11-10 18:00:50,981 - main - INFO - Time-out prompt timed out
2025-11-10 18:00:51,749 - main - INFO - Recognized: Test Worker (ID: 4)
2025-11-10 18:00:51,750 - main - INFO - Prompting time-out for Test Worker
2025-11-10 18:00:56,812 - main - INFO - Time-out prompt timed out
2025-11-10 18:00:57,439 - main - INFO - Recognized: Test Worker (ID: 4)
2025-11-10 18:00:57,440 - main - INFO - Prompting time-out for Test Worker
2025-11-10 18:01:02,473 - main - INFO - Time-out prompt timed out
2025-11-10 18:01:03,111 - main - INFO - Recognized: Test Worker (ID: 4)
2025-11-10 18:01:03,113 - main - INFO - Prompting time-out for Test Worker
2025-11-10 18:01:08,187 - main - INFO - Time-out prompt timed out
2025-11-10 18:01:08,712 - main - INFO - Recognized: Test Worker (ID: 4)
2025-11-10 18:01:08,713 - main - INFO - Prompting time-out for Test Worker
2025-11-10 18:01:13,794 - main - INFO - Time-out prompt timed out
2025-11-10 18:01:14,416 - main - INFO - Recognized: Test Worker (ID: 4)
2025-11-10 18:01:14,417 - main - INFO - Prompting time-out for Test Worker
2025-11-10 18:01:19,473 - main - INFO - Time-out prompt timed out
2025-11-10 18:01:20,274 - main - INFO - Recognized: Test Worker (ID: 4)
2025-11-10 18:01:20,276 - main - INFO - Prompting time-out for Test Worker
2025-11-10 18:01:25,313 - main - INFO - Time-out prompt timed out
2025-11-10 18:01:26,171 - main - INFO - Recognized: Test Worker (ID: 4)
2025-11-10 18:01:26,172 - main - INFO - Prompting time-out for Test Worker
2025-11-10 18:01:26,176 - main - INFO - Time-out cancelled
2025-11-10 18:01:28,213 - main - INFO - Recognized: Test Worker (ID: 4)
2025-11-10 18:01:28,214 - main - INFO - Prompting time-out for Test Worker
2025-11-10 18:01:28,957 - main - INFO - Time-out cancelled
2025-11-10 18:01:30,500 - main - INFO - Recognized: Test Worker (ID: 4)
2025-11-10 18:01:30,502 - main - INFO - Prompting time-out for Test Worker
2025-11-10 18:01:30,585 - main - INFO - Shutting down system...
2025-11-10 18:01:35,879 - utils.camera - INFO - Camera released
2025-11-10 18:01:35,887 - config.database - INFO - MySQL connection closed
2025-11-10 18:01:35,890 - main - INFO - Shutdown complete
2025-11-10 18:01:35,891 - __main__ - ERROR - Fatal error: strptime() argument 1 must be str, not datetime.timedelta
Traceback (most recent call last):
  File "d:\facial_recognition_system\run.py", line 42, in main
    self.camera.cap.set(cv2.CAP_PROP_FPS, 30)
    ^^^^^^^^
  File "d:\facial_recognition_system\main.py", line 98, in run
    frame = self._process_frame(frame)
  File "d:\facial_recognition_system\main.py", line 139, in _process_frame
    self._handle_recognition(worker_info, annotated_frame)
    ~~~~~~~~~~~~~~~~~~~~~~~~^^^^^^^^^^^^^^^^^^^^^^^^^^^^^^
  File "d:\facial_recognition_system\main.py", line 172, in _handle_recognition
    self._prompt_timeout(worker_info, frame)
    ~~~~~~~~~~~~~~~~~~~~^^^^^^^^^^^^^^^^^^^^
  File "d:\facial_recognition_system\main.py", line 253, in _prompt_timeout
    result = self.attendance_logger.log_timeout(worker_info['worker_id'])
  File "d:\facial_recognition_system\models\attendance_logger.py", line 137, in log_timeout
    time_in_dt = datetime.strptime(record['time_in'], '%H:%M:%S')
TypeError: strptime() argument 1 must be str, not datetime.timedelta
2025-11-10 18:03:51,531 - __main__ - INFO - Creating system instance...
2025-11-10 18:03:51,531 - main - INFO - Initializing TrackSite Attendance System...
2025-11-10 18:03:51,532 - config.database - INFO - SQLite database initialized
2025-11-10 18:03:51,628 - config.database - INFO - MySQL connection established
2025-11-10 18:03:51,629 - models.face_recognizer - INFO - Loading face encodings...
2025-11-10 18:03:51,722 - config.database - INFO - Cached 1 face encodings
2025-11-10 18:03:51,722 - models.face_recognizer - INFO - Loaded 1 face encodings
2025-11-10 18:03:51,723 - utils.gpio_handler - INFO - GPIO Handler: PC mode (no hardware)
2025-11-10 18:03:51,723 - __main__ - INFO - Initializing system components...
2025-11-10 18:03:51,723 - main - INFO - Initializing components...
2025-11-10 18:04:05,468 - utils.camera - INFO - Camera initialized successfully
2025-11-10 18:04:05,491 - models.face_recognizer - INFO - Loading face encodings...
2025-11-10 18:04:05,587 - config.database - INFO - Cached 1 face encodings
2025-11-10 18:04:05,588 - models.face_recognizer - INFO - Loaded 1 face encodings
2025-11-10 18:04:05,589 - main - INFO - System initialization complete
2025-11-10 18:04:05,589 - __main__ - INFO - System initialized successfully!
2025-11-10 18:04:05,591 - main - INFO - Starting attendance system...
2025-11-10 18:04:05,591 - main - INFO - Sync worker started
2025-11-10 18:04:09,256 - main - INFO - Recognized: Test Worker (ID: 4)
2025-11-10 18:04:09,259 - main - INFO - Prompting time-out for Test Worker
2025-11-10 18:04:14,290 - main - INFO - Time-out prompt timed out
2025-11-10 18:04:15,510 - main - INFO - Recognized: Test Worker (ID: 4)
2025-11-10 18:04:15,512 - main - INFO - Prompting time-out for Test Worker
2025-11-10 18:04:16,731 - main - INFO - Shutting down system...
2025-11-10 18:04:22,024 - utils.camera - INFO - Camera released
2025-11-10 18:04:22,048 - config.database - INFO - MySQL connection closed
2025-11-10 18:04:22,049 - main - INFO - Shutdown complete
2025-11-10 18:04:22,050 - __main__ - ERROR - Fatal error: strptime() argument 1 must be str, not datetime.timedelta
Traceback (most recent call last):
  File "d:\facial_recognition_system\run.py", line 42, in main
    system.run()
    ~~~~~~~~~~^^
  File "d:\facial_recognition_system\main.py", line 98, in run
    frame = self._process_frame(frame)
  File "d:\facial_recognition_system\main.py", line 139, in _process_frame
    self._handle_recognition(worker_info, annotated_frame)
    ~~~~~~~~~~~~~~~~~~~~~~~~^^^^^^^^^^^^^^^^^^^^^^^^^^^^^^
  File "d:\facial_recognition_system\main.py", line 172, in _handle_recognition
    self._prompt_timeout(worker_info, frame)
    ~~~~~~~~~~~~~~~~~~~~^^^^^^^^^^^^^^^^^^^^
  File "d:\facial_recognition_system\main.py", line 253, in _prompt_timeout
    result = self.attendance_logger.log_timeout(worker_info['worker_id'])
  File "d:\facial_recognition_system\models\attendance_logger.py", line 137, in log_timeout
    time_in_dt = datetime.strptime(record['time_in'], '%H:%M:%S')
TypeError: strptime() argument 1 must be str, not datetime.timedelta
2025-11-10 18:04:28,749 - __main__ - INFO - Creating system instance...
2025-11-10 18:04:28,749 - main - INFO - Initializing TrackSite Attendance System...
2025-11-10 18:04:28,751 - config.database - INFO - SQLite database initialized
2025-11-10 18:04:28,785 - config.database - INFO - MySQL connection established
2025-11-10 18:04:28,785 - models.face_recognizer - INFO - Loading face encodings...
2025-11-10 18:04:28,894 - config.database - INFO - Cached 1 face encodings
2025-11-10 18:04:28,895 - models.face_recognizer - INFO - Loaded 1 face encodings
2025-11-10 18:04:28,895 - utils.gpio_handler - INFO - GPIO Handler: PC mode (no hardware)
2025-11-10 18:04:28,896 - __main__ - INFO - Initializing system components...
2025-11-10 18:04:28,896 - main - INFO - Initializing components...
2025-11-10 18:04:41,942 - utils.camera - INFO - Camera initialized successfully
2025-11-10 18:04:41,963 - models.face_recognizer - INFO - Loading face encodings...
2025-11-10 18:04:42,077 - config.database - INFO - Cached 1 face encodings
2025-11-10 18:04:42,078 - models.face_recognizer - INFO - Loaded 1 face encodings
2025-11-10 18:04:42,079 - main - INFO - System initialization complete
2025-11-10 18:04:42,079 - __main__ - INFO - System initialized successfully!
2025-11-10 18:04:42,081 - main - INFO - Starting attendance system...
2025-11-10 18:04:42,081 - main - INFO - Sync worker started
2025-11-10 18:04:45,656 - main - INFO - Recognized: Test Worker (ID: 4)
2025-11-10 18:04:45,657 - main - INFO - Prompting time-out for Test Worker
2025-11-10 18:04:50,705 - main - INFO - Time-out prompt timed out
2025-11-10 18:04:51,910 - main - INFO - Recognized: Test Worker (ID: 4)
2025-11-10 18:04:51,911 - main - INFO - Prompting time-out for Test Worker
2025-11-10 18:04:56,964 - main - INFO - Time-out prompt timed out
2025-11-10 18:04:58,192 - main - INFO - Recognized: Test Worker (ID: 4)
2025-11-10 18:04:58,194 - main - INFO - Prompting time-out for Test Worker
2025-11-10 18:05:03,226 - main - INFO - Time-out prompt timed out
2025-11-10 18:05:04,252 - main - INFO - Recognized: Test Worker (ID: 4)
2025-11-10 18:05:04,253 - main - INFO - Prompting time-out for Test Worker
2025-11-10 18:05:09,288 - main - INFO - Time-out prompt timed out
2025-11-10 18:05:10,483 - main - INFO - Recognized: Test Worker (ID: 4)
2025-11-10 18:05:10,485 - main - INFO - Prompting time-out for Test Worker
2025-11-10 18:05:15,525 - main - INFO - Time-out prompt timed out
2025-11-10 18:05:16,764 - main - INFO - Recognized: Test Worker (ID: 4)
2025-11-10 18:05:16,766 - main - INFO - Prompting time-out for Test Worker
2025-11-10 18:05:21,807 - main - INFO - Time-out prompt timed out
2025-11-10 18:05:22,796 - main - INFO - Recognized: Test Worker (ID: 4)
2025-11-10 18:05:22,798 - main - INFO - Prompting time-out for Test Worker
2025-11-10 18:05:27,846 - main - INFO - Time-out prompt timed out
2025-11-10 18:05:29,062 - main - INFO - Recognized: Test Worker (ID: 4)
2025-11-10 18:05:29,064 - main - INFO - Prompting time-out for Test Worker
2025-11-10 18:05:34,106 - main - INFO - Time-out prompt timed out
2025-11-10 18:05:35,143 - main - INFO - Recognized: Test Worker (ID: 4)
2025-11-10 18:05:35,145 - main - INFO - Prompting time-out for Test Worker
2025-11-10 18:05:40,195 - main - INFO - Time-out prompt timed out
2025-11-10 18:05:41,291 - main - INFO - Recognized: Test Worker (ID: 4)
2025-11-10 18:05:41,293 - main - INFO - Prompting time-out for Test Worker
2025-11-10 18:05:46,335 - main - INFO - Time-out prompt timed out
2025-11-10 18:05:47,313 - main - INFO - Recognized: Test Worker (ID: 4)
2025-11-10 18:05:47,314 - main - INFO - Prompting time-out for Test Worker
2025-11-10 18:05:52,413 - main - INFO - Time-out prompt timed out
2025-11-10 18:05:53,308 - main - INFO - Recognized: Test Worker (ID: 4)
2025-11-10 18:05:53,310 - main - INFO - Prompting time-out for Test Worker
2025-11-10 18:05:58,365 - main - INFO - Time-out prompt timed out
2025-11-10 18:05:59,350 - main - INFO - Recognized: Test Worker (ID: 4)
2025-11-10 18:05:59,351 - main - INFO - Prompting time-out for Test Worker
2025-11-10 18:06:04,396 - main - INFO - Time-out prompt timed out
2025-11-10 18:06:05,435 - main - INFO - Recognized: Test Worker (ID: 4)
2025-11-10 18:06:05,436 - main - INFO - Prompting time-out for Test Worker
2025-11-10 18:06:06,159 - main - INFO - Shutting down system...
2025-11-10 18:06:11,447 - utils.camera - INFO - Camera released
2025-11-10 18:06:11,456 - config.database - INFO - MySQL connection closed
2025-11-10 18:06:11,468 - main - INFO - Shutdown complete
2025-11-10 18:06:11,468 - __main__ - ERROR - Fatal error: strptime() argument 1 must be str, not datetime.timedelta
Traceback (most recent call last):
  File "d:\facial_recognition_system\run.py", line 42, in main
    system.run()
    ~~~~~~~~~~^^
  File "d:\facial_recognition_system\main.py", line 98, in run
    frame = self._process_frame(frame)
  File "d:\facial_recognition_system\main.py", line 139, in _process_frame
    self._handle_recognition(worker_info, annotated_frame)
    ~~~~~~~~~~~~~~~~~~~~~~~~^^^^^^^^^^^^^^^^^^^^^^^^^^^^^^
  File "d:\facial_recognition_system\main.py", line 172, in _handle_recognition
    self._prompt_timeout(worker_info, frame)
    ~~~~~~~~~~~~~~~~~~~~^^^^^^^^^^^^^^^^^^^^
  File "d:\facial_recognition_system\main.py", line 253, in _prompt_timeout
    result = self.attendance_logger.log_timeout(worker_info['worker_id'])
  File "d:\facial_recognition_system\models\attendance_logger.py", line 137, in log_timeout
    time_in_dt = datetime.strptime(record['time_in'], '%H:%M:%S')
TypeError: strptime() argument 1 must be str, not datetime.timedelta
2025-11-10 18:15:27,526 - __main__ - INFO - Creating system instance...
2025-11-10 18:15:27,526 - __main__ - INFO - Initializing TrackSite Attendance System...
2025-11-10 18:15:27,527 - __main__ - INFO - Initializing system components...
2025-11-10 18:15:27,527 - __main__ - INFO - Initializing components...
2025-11-10 18:15:27,527 - __main__ - INFO - Connecting to databases...
2025-11-10 18:15:27,529 - config.database - INFO - SQLite database initialized
2025-11-10 18:15:27,620 - config.database - INFO - MySQL connection established
2025-11-10 18:15:27,663 - __main__ - INFO - Initializing core components...
2025-11-10 18:15:27,666 - __main__ - INFO - Initializing camera...
2025-11-10 18:15:40,463 - utils.camera - INFO - Camera initialized successfully
2025-11-10 18:15:40,463 - __main__ - ERROR - Initialization error: 'Camera' object has no attribute 'set_fps'
Traceback (most recent call last):
  File "d:\facial_recognition_system\main.py", line 100, in initialize
    self.camera.set_fps(30)
    ^^^^^^^^^^^^^^^^^^^
AttributeError: 'Camera' object has no attribute 'set_fps'
2025-11-10 18:15:40,465 - __main__ - ERROR - System initialization failed!
2025-11-10 18:17:00,404 - __main__ - INFO - Creating system instance...
2025-11-10 18:17:00,405 - __main__ - INFO - Initializing TrackSite Attendance System...
2025-11-10 18:17:00,405 - __main__ - INFO - Initializing system components...
2025-11-10 18:17:00,405 - __main__ - INFO - Initializing components...
2025-11-10 18:17:00,405 - __main__ - INFO - Connecting to databases...
2025-11-10 18:17:00,407 - config.database - INFO - SQLite database initialized
2025-11-10 18:17:00,495 - config.database - INFO - MySQL connection established
2025-11-10 18:17:00,503 - __main__ - INFO - Initializing core components...
2025-11-10 18:17:00,503 - models.face_recognizer - INFO - Loading face encodings...
2025-11-10 18:17:00,584 - config.database - INFO - Cached 1 face encodings
2025-11-10 18:17:00,585 - models.face_recognizer - INFO - Loaded 1 face encodings
2025-11-10 18:17:00,588 - __main__ - INFO - Initializing camera...
2025-11-10 18:17:00,589 - utils.camera - INFO - Opening camera 0...
2025-11-10 18:17:13,913 - utils.camera - INFO - Camera initialized successfully
2025-11-10 18:17:13,913 - utils.camera - INFO - Resolution: 640x480
2025-11-10 18:17:13,914 - utils.camera - INFO - FPS: 30
2025-11-10 18:17:13,944 - utils.camera - INFO - FPS set to 30
2025-11-10 18:17:13,955 - utils.camera - INFO - Resolution set to 640x480
2025-11-10 18:17:13,959 - __main__ - INFO - Initializing GPIO...
2025-11-10 18:17:13,959 - utils.gpio_handler - INFO - GPIO Handler: PC mode (no hardware)
2025-11-10 18:17:13,963 - __main__ - INFO - Initializing display...
2025-11-10 18:17:14,019 - __main__ - INFO - Loading face encodings...
2025-11-10 18:17:14,020 - models.face_recognizer - INFO - Loading face encodings...
2025-11-10 18:17:14,141 - config.database - INFO - Cached 1 face encodings
2025-11-10 18:17:14,142 - models.face_recognizer - INFO - Loaded 1 face encodings
2025-11-10 18:17:14,148 - __main__ - INFO - ============================================================
2025-11-10 18:17:14,151 - __main__ - INFO - System initialization complete - Ready to run!
2025-11-10 18:17:14,151 - __main__ - INFO - ============================================================
2025-11-10 18:17:14,152 - __main__ - INFO - System initialized successfully!
2025-11-10 18:17:14,155 - __main__ - INFO - Starting attendance system...
2025-11-10 18:17:14,156 - __main__ - INFO - Sync worker started
2025-11-10 18:17:14,158 - __main__ - INFO - Recognition worker started
2025-11-10 18:17:16,639 - __main__ - INFO - Recognized: Test Worker (ID: 4)
2025-11-10 18:17:16,641 - __main__ - INFO - Prompting time-out for Test Worker
2025-11-10 18:17:20,020 - __main__ - INFO - Recognized: Test Worker (ID: 4)
2025-11-10 18:17:20,023 - __main__ - INFO - Prompting time-out for Test Worker
2025-11-10 18:17:22,559 - __main__ - INFO - Time-out prompt timed out
2025-11-10 18:17:22,802 - __main__ - INFO - Recognized: Test Worker (ID: 4)
2025-11-10 18:17:22,804 - __main__ - INFO - Prompting time-out for Test Worker
2025-11-10 18:17:25,845 - __main__ - INFO - Time-out prompt timed out
2025-11-10 18:17:26,076 - __main__ - INFO - Recognized: Test Worker (ID: 4)
2025-11-10 18:17:26,079 - __main__ - INFO - Prompting time-out for Test Worker
2025-11-10 18:17:28,783 - __main__ - INFO - Time-out prompt timed out
2025-11-10 18:17:29,023 - __main__ - INFO - Recognized: Test Worker (ID: 4)
2025-11-10 18:17:29,026 - __main__ - INFO - Prompting time-out for Test Worker
2025-11-10 18:17:31,495 - __main__ - INFO - Time-out prompt timed out
2025-11-10 18:17:31,712 - __main__ - INFO - Recognized: Test Worker (ID: 4)
2025-11-10 18:17:31,715 - __main__ - INFO - Prompting time-out for Test Worker
2025-11-10 18:17:33,971 - __main__ - INFO - Quit key pressed
2025-11-10 18:17:33,971 - __main__ - INFO - Shutting down system...
2025-11-10 18:17:34,085 - __main__ - INFO - Recognition worker stopped
2025-11-10 18:17:34,302 - __main__ - INFO - Time-out prompt timed out
2025-11-10 18:17:36,926 - __main__ - INFO - Time-out prompt timed out
2025-11-10 18:17:36,972 - utils.camera - INFO - Releasing camera...
2025-11-10 18:17:37,297 - utils.camera - INFO - Camera released
2025-11-10 18:17:37,312 - utils.display - INFO - Display window destroyed
2025-11-10 18:17:37,314 - config.database - INFO - MySQL connection closed
2025-11-10 18:17:37,315 - __main__ - INFO - Shutdown complete
2025-11-10 18:18:54,581 - __main__ - INFO - Creating system instance...
2025-11-10 18:18:54,582 - __main__ - INFO - Initializing TrackSite Attendance System...
2025-11-10 18:18:54,582 - __main__ - INFO - Initializing system components...
2025-11-10 18:18:54,583 - __main__ - INFO - Initializing components...
2025-11-10 18:18:54,583 - __main__ - INFO - Connecting to databases...
2025-11-10 18:18:54,585 - config.database - INFO - SQLite database initialized
2025-11-10 18:18:54,674 - config.database - INFO - MySQL connection established
2025-11-10 18:18:54,683 - __main__ - INFO - Initializing core components...
2025-11-10 18:18:54,686 - __main__ - INFO - Initializing camera...
2025-11-10 18:18:54,686 - utils.camera - INFO - Opening camera 0...
2025-11-10 18:19:07,910 - utils.camera - INFO - Camera initialized successfully
2025-11-10 18:19:07,911 - utils.camera - INFO - Resolution: 640x480
2025-11-10 18:19:07,911 - utils.camera - INFO - FPS: 30
2025-11-10 18:19:07,916 - utils.camera - INFO - FPS set to 30
2025-11-10 18:19:07,927 - utils.camera - INFO - Resolution set to 640x480
2025-11-10 18:19:07,931 - __main__ - INFO - Initializing GPIO...
2025-11-10 18:19:07,931 - utils.gpio_handler - INFO - GPIO Handler: PC mode (no hardware)
2025-11-10 18:19:07,935 - __main__ - INFO - Initializing display...
2025-11-10 18:19:07,990 - __main__ - INFO - Loading face encodings...
2025-11-10 18:19:07,990 - models.face_recognizer - INFO - Loading face encodings...
2025-11-10 18:19:08,101 - config.database - INFO - Cached 1 face encodings
2025-11-10 18:19:08,112 - __main__ - INFO - ============================================================
2025-11-10 18:19:08,113 - __main__ - INFO - System initialization complete - Ready to run!
2025-11-10 18:19:08,114 - __main__ - INFO - ============================================================
2025-11-10 18:19:08,115 - __main__ - INFO - System initialized successfully!
2025-11-10 18:19:08,117 - __main__ - INFO - Starting attendance system...
2025-11-10 18:19:08,118 - __main__ - INFO - Sync worker started
2025-11-10 18:19:08,118 - __main__ - INFO - Recognition worker started
2025-11-10 18:19:10,507 - __main__ - INFO - Recognized: Test Worker (ID: 4)
2025-11-10 18:19:10,510 - __main__ - INFO - Prompting time-out for Test Worker
2025-11-10 18:19:13,431 - __main__ - INFO - Recognized: Test Worker (ID: 4)
2025-11-10 18:19:13,434 - __main__ - INFO - Prompting time-out for Test Worker
2025-11-10 18:19:16,115 - __main__ - INFO - Time-out prompt timed out
2025-11-10 18:19:16,226 - __main__ - INFO - Recognized: Test Worker (ID: 4)
2025-11-10 18:19:16,228 - __main__ - INFO - Prompting time-out for Test Worker
2025-11-10 18:19:19,550 - __main__ - INFO - Time-out prompt timed out
2025-11-10 18:19:19,767 - __main__ - INFO - Recognized: Test Worker (ID: 4)
2025-11-10 18:19:19,769 - __main__ - INFO - Prompting time-out for Test Worker
2025-11-10 18:19:21,391 - __main__ - INFO - Time-out prompt timed out
2025-11-10 18:19:23,239 - __main__ - INFO - Recognized: Test Worker (ID: 4)
2025-11-10 18:19:23,244 - __main__ - INFO - Prompting time-out for Test Worker
2025-11-10 18:19:25,851 - __main__ - INFO - Time-out prompt timed out
2025-11-10 18:19:26,188 - __main__ - INFO - Recognized: Test Worker (ID: 4)
2025-11-10 18:19:26,190 - __main__ - INFO - Prompting time-out for Test Worker
2025-11-10 18:19:28,558 - __main__ - INFO - Time-out prompt timed out
2025-11-10 18:19:28,787 - __main__ - INFO - Recognized: Test Worker (ID: 4)
2025-11-10 18:19:28,790 - __main__ - INFO - Prompting time-out for Test Worker
2025-11-10 18:19:30,868 - __main__ - INFO - TIME-OUT MODE ENABLED
2025-11-10 18:19:32,806 - __main__ - INFO - Recognized: Test Worker (ID: 4)
2025-11-10 18:19:32,917 - __main__ - INFO - Time-out prompt timed out
2025-11-10 18:19:35,221 - __main__ - INFO - Time-out prompt timed out
2025-11-10 18:19:35,228 - __main__ - INFO - Recognized: Test Worker (ID: 4)
2025-11-10 18:19:37,863 - __main__ - INFO - Recognized: Test Worker (ID: 4)
2025-11-10 18:19:40,409 - __main__ - INFO - Recognized: Test Worker (ID: 4)
2025-11-10 18:19:42,984 - __main__ - INFO - Recognized: Test Worker (ID: 4)
2025-11-10 18:19:45,487 - __main__ - INFO - Recognized: Test Worker (ID: 4)
2025-11-10 18:19:47,171 - __main__ - INFO - TIME-IN MODE
2025-11-10 18:19:48,676 - __main__ - INFO - Recognized: Test Worker (ID: 4)
2025-11-10 18:19:48,678 - __main__ - INFO - Prompting time-out for Test Worker
2025-11-10 18:19:50,085 - __main__ - INFO - TIME-OUT MODE ENABLED
2025-11-10 18:19:51,811 - __main__ - INFO - Recognized: Test Worker (ID: 4)
2025-11-10 18:19:53,938 - __main__ - INFO - Time-out prompt timed out
2025-11-10 18:19:53,974 - __main__ - INFO - Recognized: Test Worker (ID: 4)
2025-11-10 18:19:56,832 - __main__ - INFO - Quit key pressed
2025-11-10 18:19:56,832 - __main__ - INFO - Shutting down system...
2025-11-10 18:19:57,616 - __main__ - INFO - Recognition worker stopped
2025-11-10 18:19:59,846 - utils.camera - INFO - Releasing camera...
2025-11-10 18:20:00,138 - utils.camera - INFO - Camera released
2025-11-10 18:20:00,158 - utils.display - INFO - Display window destroyed
2025-11-10 18:20:00,160 - config.database - INFO - MySQL connection closed
2025-11-10 18:20:00,162 - __main__ - INFO - Shutdown complete
2025-11-10 18:42:02,313 - __main__ - INFO - Creating system instance...
2025-11-10 18:42:02,314 - __main__ - INFO - Initializing TrackSite Attendance System...
2025-11-10 18:42:02,314 - __main__ - INFO - Initializing...
2025-11-10 18:42:02,314 - __main__ - INFO - Initializing components...
2025-11-10 18:42:02,314 - __main__ - INFO - Connecting to databases...
2025-11-10 18:42:02,316 - config.database - INFO - SQLite initialized
2025-11-10 18:42:02,413 - config.database - INFO - MySQL connected
2025-11-10 18:42:02,422 - __main__ - INFO - Initializing core components...
2025-11-10 18:42:02,426 - __main__ - INFO - Initializing camera...
2025-11-10 18:42:02,427 - utils.camera - INFO - Opening camera 0...
2025-11-10 18:42:04,801 - utils.camera - INFO - Camera initialized
2025-11-10 18:42:04,801 - utils.camera - INFO - Resolution: 640x480
2025-11-10 18:42:04,801 - utils.camera - INFO - FPS: 30
2025-11-10 18:42:05,237 - utils.camera - INFO - FPS set to 30
2025-11-10 18:42:05,682 - utils.camera - INFO - Resolution set to 640x480
2025-11-10 18:42:05,686 - __main__ - INFO - Initializing GPIO...
2025-11-10 18:42:05,686 - utils.gpio_handler - INFO - GPIO Handler: PC mode (no hardware)
2025-11-10 18:42:05,698 - __main__ - INFO - Initializing display...
2025-11-10 18:42:05,764 - utils.display - INFO - Display window created (fullscreen)
2025-11-10 18:42:05,783 - __main__ - INFO - Loading face encodings...
2025-11-10 18:42:05,786 - models.face_recognizer - INFO - Loading face encodings...
2025-11-10 18:42:05,888 - config.database - INFO - Cached 1 encodings
2025-11-10 18:42:05,888 - models.face_recognizer - INFO - Loaded 1 encodings
2025-11-10 18:42:05,892 - __main__ - INFO - ============================================================
2025-11-10 18:42:05,893 - __main__ - INFO - System ready!
2025-11-10 18:42:05,893 - __main__ - INFO - ============================================================
2025-11-10 18:42:05,893 - __main__ - INFO - System ready!
2025-11-10 18:42:05,898 - __main__ - INFO - Starting attendance system...
2025-11-10 18:42:05,899 - __main__ - INFO - Sync worker started
2025-11-10 18:42:13,840 - __main__ - INFO - Recognized: Test Worker (ID: 4)
2025-11-10 18:42:28,153 - __main__ - INFO - Recognized: Test Worker (ID: 4)
2025-11-10 18:42:28,155 - __main__ - WARNING - Attendance error: Attendance already completed today
2025-11-10 18:42:31,580 - __main__ - INFO - Recognized: Test Worker (ID: 4)
2025-11-10 18:42:31,582 - __main__ - WARNING - Attendance error: Attendance already completed today
2025-11-10 18:42:35,343 - __main__ - INFO - Recognized: Test Worker (ID: 4)
2025-11-10 18:42:35,345 - __main__ - WARNING - Attendance error: Attendance already completed today
2025-11-10 18:42:39,244 - __main__ - INFO - Recognized: Test Worker (ID: 4)
2025-11-10 18:42:39,246 - __main__ - WARNING - Attendance error: Attendance already completed today
2025-11-10 18:42:42,732 - __main__ - INFO - Recognized: Test Worker (ID: 4)
2025-11-10 18:42:42,734 - __main__ - WARNING - Attendance error: Attendance already completed today
2025-11-10 18:42:45,849 - __main__ - INFO - Recognized: Test Worker (ID: 4)
2025-11-10 18:42:45,850 - __main__ - WARNING - Attendance error: Attendance already completed today
2025-11-10 18:42:49,315 - __main__ - INFO - Recognized: Test Worker (ID: 4)
2025-11-10 18:42:49,317 - __main__ - WARNING - Attendance error: Attendance already completed today
2025-11-10 18:42:54,027 - __main__ - INFO - Recognized: Test Worker (ID: 4)
2025-11-10 18:42:54,029 - __main__ - WARNING - Attendance error: No time-in found for today
2025-11-10 18:42:57,789 - __main__ - INFO - Recognized: Test Worker (ID: 4)
2025-11-10 18:42:57,791 - __main__ - WARNING - Attendance error: No time-in found for today
2025-11-10 18:43:00,875 - __main__ - INFO - Recognized: Test Worker (ID: 4)
2025-11-10 18:43:00,876 - __main__ - WARNING - Attendance error: No time-in found for today
2025-11-10 18:43:04,438 - __main__ - INFO - Recognized: Test Worker (ID: 4)
2025-11-10 18:43:04,440 - __main__ - WARNING - Attendance error: No time-in found for today
2025-11-10 18:43:29,636 - __main__ - INFO - Recognized: Test Worker (ID: 4)
2025-11-10 18:43:29,638 - __main__ - WARNING - Attendance error: No time-in found for today
2025-11-10 18:43:52,648 - __main__ - INFO - Recognized: Test Worker (ID: 4)
2025-11-10 18:43:52,651 - __main__ - WARNING - Attendance error: No time-in found for today
2025-11-10 18:43:56,425 - __main__ - INFO - Recognized: Test Worker (ID: 4)
2025-11-10 18:43:56,427 - __main__ - WARNING - Attendance error: No time-in found for today
2025-11-10 18:44:00,331 - __main__ - INFO - Recognized: Test Worker (ID: 4)
2025-11-10 18:44:00,333 - __main__ - WARNING - Attendance error: No time-in found for today
2025-11-10 18:44:00,334 - __main__ - INFO - Quit key pressed
2025-11-10 18:44:00,335 - __main__ - INFO - Shutting down...
2025-11-10 18:44:03,336 - utils.camera - INFO - Releasing camera...
2025-11-10 18:44:03,636 - utils.camera - INFO - Camera released
2025-11-10 18:44:03,652 - utils.display - INFO - Display destroyed
2025-11-10 18:44:03,657 - config.database - INFO - MySQL closed
2025-11-10 18:44:03,658 - __main__ - INFO - Shutdown complete
2025-11-10 18:44:29,088 - __main__ - INFO - Creating system instance...
2025-11-10 18:44:29,088 - __main__ - INFO - Initializing TrackSite Attendance System...
2025-11-10 18:44:29,089 - __main__ - INFO - Initializing...
2025-11-10 18:44:29,089 - __main__ - INFO - Initializing components...
2025-11-10 18:44:29,089 - __main__ - INFO - Connecting to databases...
2025-11-10 18:44:29,090 - config.database - INFO - SQLite initialized
2025-11-10 18:44:29,227 - config.database - INFO - MySQL connected
2025-11-10 18:44:29,236 - __main__ - INFO - Initializing core components...
2025-11-10 18:44:29,241 - __main__ - INFO - Initializing camera...
2025-11-10 18:44:29,242 - utils.camera - INFO - Opening camera 0...
2025-11-10 18:44:30,585 - utils.camera - INFO - Camera initialized
2025-11-10 18:44:30,586 - utils.camera - INFO - Resolution: 640x480
2025-11-10 18:44:30,587 - utils.camera - INFO - FPS: 30
2025-11-10 18:44:31,022 - utils.camera - INFO - FPS set to 30
2025-11-10 18:44:31,485 - utils.camera - INFO - Resolution set to 640x480
2025-11-10 18:44:31,491 - __main__ - INFO - Initializing GPIO...
2025-11-10 18:44:31,491 - utils.gpio_handler - INFO - GPIO Handler: PC mode (no hardware)
2025-11-10 18:44:31,496 - __main__ - INFO - Initializing display...
2025-11-10 18:44:31,561 - utils.display - INFO - Display window created (fullscreen)
2025-11-10 18:44:31,569 - __main__ - INFO - Loading face encodings...
2025-11-10 18:44:31,569 - models.face_recognizer - INFO - Loading face encodings...
2025-11-10 18:44:31,663 - config.database - INFO - Cached 1 encodings
2025-11-10 18:44:31,663 - models.face_recognizer - INFO - Loaded 1 encodings
2025-11-10 18:44:31,670 - __main__ - INFO - ============================================================
2025-11-10 18:44:31,670 - __main__ - INFO - System ready!
2025-11-10 18:44:31,671 - __main__ - INFO - ============================================================
2025-11-10 18:44:31,671 - __main__ - INFO - System ready!
2025-11-10 18:44:31,672 - __main__ - INFO - Starting attendance system...
2025-11-10 18:44:31,673 - __main__ - INFO - Sync worker started
2025-11-10 18:44:33,284 - __main__ - INFO - Recognized: Test Worker (ID: 4)
2025-11-10 18:44:33,286 - __main__ - WARNING - Attendance error: Attendance already completed today
2025-11-10 18:44:36,581 - __main__ - INFO - Recognized: Test Worker (ID: 4)
2025-11-10 18:44:36,584 - __main__ - WARNING - Attendance error: Attendance already completed today
2025-11-10 18:44:39,587 - __main__ - INFO - Recognized: Test Worker (ID: 4)
2025-11-10 18:44:39,589 - __main__ - WARNING - Attendance error: Attendance already completed today
2025-11-10 18:44:44,653 - __main__ - INFO - Recognized: Test Worker (ID: 4)
2025-11-10 18:44:44,655 - __main__ - WARNING - Attendance error: No time-in found for today
2025-11-10 18:44:47,935 - __main__ - INFO - Recognized: Test Worker (ID: 4)
2025-11-10 18:44:47,937 - __main__ - WARNING - Attendance error: No time-in found for today
2025-11-10 18:44:54,642 - __main__ - INFO - Recognized: Test Worker (ID: 4)
2025-11-10 18:44:54,643 - __main__ - WARNING - Attendance error: No time-in found for today
2025-11-10 18:44:58,083 - __main__ - INFO - Recognized: Test Worker (ID: 4)
2025-11-10 18:44:58,086 - __main__ - WARNING - Attendance error: No time-in found for today
2025-11-10 18:45:01,702 - __main__ - INFO - Recognized: Test Worker (ID: 4)
2025-11-10 18:45:01,704 - __main__ - WARNING - Attendance error: No time-in found for today
2025-11-10 18:45:04,963 - __main__ - INFO - Recognized: Test Worker (ID: 4)
2025-11-10 18:45:04,965 - __main__ - WARNING - Attendance error: Attendance already completed today
2025-11-10 18:45:08,168 - __main__ - INFO - Recognized: Test Worker (ID: 4)
2025-11-10 18:45:08,170 - __main__ - WARNING - Attendance error: Attendance already completed today
2025-11-10 18:45:11,539 - __main__ - INFO - Recognized: Test Worker (ID: 4)
2025-11-10 18:45:11,541 - __main__ - WARNING - Attendance error: Attendance already completed today
2025-11-10 18:45:14,852 - __main__ - INFO - Recognized: Test Worker (ID: 4)
2025-11-10 18:45:14,855 - __main__ - WARNING - Attendance error: No time-in found for today
2025-11-10 18:45:18,080 - __main__ - INFO - Recognized: Test Worker (ID: 4)
2025-11-10 18:45:18,082 - __main__ - WARNING - Attendance error: No time-in found for today
2025-11-10 18:45:21,432 - __main__ - INFO - Recognized: Test Worker (ID: 4)
2025-11-10 18:45:21,434 - __main__ - WARNING - Attendance error: No time-in found for today
2025-11-10 18:45:24,652 - __main__ - INFO - Recognized: Test Worker (ID: 4)
2025-11-10 18:45:24,653 - __main__ - WARNING - Attendance error: No time-in found for today
2025-11-10 18:45:27,792 - __main__ - INFO - Recognized: Test Worker (ID: 4)
2025-11-10 18:45:27,793 - __main__ - WARNING - Attendance error: No time-in found for today
2025-11-10 18:45:31,635 - __main__ - INFO - Recognized: Test Worker (ID: 4)
2025-11-10 18:45:31,637 - __main__ - WARNING - Attendance error: No time-in found for today
2025-11-10 18:45:35,434 - __main__ - INFO - Recognized: Test Worker (ID: 4)
2025-11-10 18:45:35,436 - __main__ - WARNING - Attendance error: No time-in found for today
2025-11-10 18:45:36,595 - __main__ - INFO - Quit key pressed
2025-11-10 18:45:36,595 - __main__ - INFO - Shutting down...
2025-11-10 18:45:39,599 - utils.camera - INFO - Releasing camera...
2025-11-10 18:45:39,883 - utils.camera - INFO - Camera released
2025-11-10 18:45:39,904 - utils.display - INFO - Display destroyed
2025-11-10 18:45:39,933 - config.database - INFO - MySQL closed
2025-11-10 18:45:39,933 - __main__ - INFO - Shutdown complete
2025-11-11 07:00:09,399 - main - INFO - Creating system instance...
2025-11-11 07:00:09,399 - main - INFO - Initializing TrackSite Attendance System...
2025-11-11 07:00:09,400 - main - INFO - Initializing...
2025-11-11 07:00:09,400 - main - INFO - Initializing components...
2025-11-11 07:00:09,400 - main - INFO - Connecting to databases...
2025-11-11 07:00:09,445 - config.database - INFO - SQLite initialized
2025-11-11 07:00:09,500 - config.database - INFO - MySQL connected
2025-11-11 07:00:09,543 - main - INFO - Initializing core components...
2025-11-11 07:00:09,547 - main - INFO - Initializing camera...
2025-11-11 07:00:09,548 - utils.camera - INFO - Opening camera 0...
2025-11-11 07:00:09,687 - utils.camera - ERROR - Failed to open camera
2025-11-11 07:00:09,690 - main - ERROR - Initialization failed!
2025-11-11 07:24:13,451 - main - INFO - Creating system instance...
2025-11-11 07:24:13,452 - main - INFO - Initializing TrackSite Attendance System...
2025-11-11 07:24:13,452 - main - INFO - Initializing...
2025-11-11 07:24:13,453 - main - INFO - Initializing components...
2025-11-11 07:24:13,453 - main - INFO - Connecting to databases...
2025-11-11 07:24:13,457 - config.database - INFO - SQLite initialized
2025-11-11 07:24:13,541 - config.database - INFO - MySQL connected
2025-11-11 07:24:13,541 - main - INFO - MySQL connected
2025-11-11 07:24:13,541 - main - INFO - SQLite database ready
2025-11-11 07:24:13,541 - main - INFO - Initializing core components...
2025-11-11 07:24:13,541 - main - INFO - Core components initialized
2025-11-11 07:24:13,542 - main - INFO - Initializing camera...
2025-11-11 07:24:13,542 - utils.camera - INFO - Opening camera 0...
2025-11-11 07:24:17,041 - utils.camera - INFO - Camera opened successfully
2025-11-11 07:24:26,545 - utils.camera - INFO - Camera initialized
2025-11-11 07:24:26,545 - utils.camera - INFO - Resolution: 640x480
2025-11-11 07:24:26,546 - utils.camera - INFO - FPS: 30
2025-11-11 07:24:26,552 - utils.camera - INFO - FPS set to 30
2025-11-11 07:24:26,563 - utils.camera - INFO - Resolution set to 640x480
2025-11-11 07:24:26,564 - main - INFO - Camera initialized (640x480 @ 30fps)
2025-11-11 07:24:26,564 - main - INFO - Initializing GPIO...
2025-11-11 07:24:26,564 - utils.gpio_handler - INFO - GPIO Handler: PC mode (no hardware)
2025-11-11 07:24:26,565 - main - INFO - GPIO initialized
2025-11-11 07:24:26,566 - main - INFO - Initializing display...
2025-11-11 07:24:26,673 - utils.display - INFO - Display window created (fullscreen)
2025-11-11 07:24:26,674 - main - INFO - Display initialized (fullscreen)
2025-11-11 07:24:26,675 - main - INFO - Loading face encodings...
2025-11-11 07:24:26,676 - models.face_recognizer - INFO - Loading face encodings...
2025-11-11 07:24:26,799 - config.database - INFO - Cached 1 encodings
2025-11-11 07:24:26,800 - models.face_recognizer - INFO - Loaded 1 encodings
2025-11-11 07:24:26,801 - main - INFO - Loaded 1 face encodings
2025-11-11 07:24:26,802 - main - INFO - ============================================================
2025-11-11 07:24:26,803 - main - INFO - System ready!
2025-11-11 07:24:26,804 - main - INFO - ============================================================
2025-11-11 07:24:26,807 - main - INFO - System ready!
2025-11-11 07:24:26,811 - main - INFO - Starting attendance system...
2025-11-11 07:24:26,812 - main - INFO - Sync worker started
2025-11-11 07:24:28,996 - main - INFO - Recognized: Test Worker (ID: 4)
2025-11-11 07:24:29,102 - main - INFO - TIME IN SUCCESS: Test Worker at 07:24:28
2025-11-11 07:24:40,963 - main - INFO - Recognized: Test Worker (ID: 4)
2025-11-11 07:24:40,964 - main - WARNING - Attendance error: Already scanned recently
2025-11-11 07:24:44,548 - main - INFO - Recognized: Test Worker (ID: 4)
2025-11-11 07:24:44,549 - main - WARNING - Attendance error: Already scanned recently
2025-11-11 07:24:48,132 - main - INFO - Recognized: Test Worker (ID: 4)
2025-11-11 07:24:48,134 - main - WARNING - Attendance error: Already scanned recently
2025-11-11 07:24:51,871 - main - INFO - Recognized: Test Worker (ID: 4)
2025-11-11 07:24:51,872 - main - WARNING - Attendance error: Already scanned recently
2025-11-11 07:24:55,465 - main - INFO - Recognized: Test Worker (ID: 4)
2025-11-11 07:24:55,466 - main - WARNING - Attendance error: Already scanned recently
2025-11-11 07:24:59,095 - main - INFO - Recognized: Test Worker (ID: 4)
2025-11-11 07:24:59,192 - main - INFO - TIME OUT SUCCESS: Test Worker - 0.01 hours worked
2025-11-11 07:25:02,810 - main - INFO - Recognized: Test Worker (ID: 4)
2025-11-11 07:25:02,812 - main - WARNING - Attendance error: Attendance already completed today
2025-11-11 07:25:06,177 - main - INFO - Recognized: Test Worker (ID: 4)
2025-11-11 07:25:06,180 - main - WARNING - Attendance error: Attendance already completed today
2025-11-11 07:25:09,578 - main - INFO - Recognized: Test Worker (ID: 4)
2025-11-11 07:25:09,581 - main - WARNING - Attendance error: Attendance already completed today
2025-11-11 07:25:12,907 - main - INFO - Recognized: Test Worker (ID: 4)
2025-11-11 07:25:12,909 - main - WARNING - Attendance error: Attendance already completed today
2025-11-11 07:25:16,657 - main - INFO - Recognized: Test Worker (ID: 4)
2025-11-11 07:25:16,660 - main - WARNING - Attendance error: Attendance already completed today
2025-11-11 07:25:20,472 - main - INFO - Recognized: Test Worker (ID: 4)
2025-11-11 07:25:20,475 - main - WARNING - Attendance error: Attendance already completed today
2025-11-11 07:25:28,185 - main - INFO - Recognized: Test Worker (ID: 4)
2025-11-11 07:25:28,187 - main - WARNING - Attendance error: Attendance already completed today
2025-11-11 07:25:29,617 - main - INFO - ⏱ TIME-OUT MODE
2025-11-11 07:25:31,942 - main - INFO - Recognized: Test Worker (ID: 4)
2025-11-11 07:25:31,944 - main - WARNING - Attendance error: No time-in found for today
2025-11-11 07:25:35,513 - main - INFO - Recognized: Test Worker (ID: 4)
2025-11-11 07:25:35,516 - main - WARNING - Attendance error: No time-in found for today
2025-11-11 07:25:39,310 - main - INFO - Recognized: Test Worker (ID: 4)
2025-11-11 07:25:39,313 - main - WARNING - Attendance error: No time-in found for today
2025-11-11 07:25:43,040 - main - INFO - Recognized: Test Worker (ID: 4)
2025-11-11 07:25:43,042 - main - WARNING - Attendance error: No time-in found for today
2025-11-11 07:25:46,813 - main - INFO - Recognized: Test Worker (ID: 4)
2025-11-11 07:25:46,815 - main - WARNING - Attendance error: No time-in found for today
2025-11-11 07:25:50,548 - main - INFO - Recognized: Test Worker (ID: 4)
2025-11-11 07:25:50,550 - main - WARNING - Attendance error: No time-in found for today
2025-11-11 07:25:53,685 - main - INFO - Recognized: Test Worker (ID: 4)
2025-11-11 07:25:53,688 - main - WARNING - Attendance error: No time-in found for today
2025-11-11 07:25:54,500 - main - INFO - Quit key pressed
2025-11-11 07:25:54,500 - main - INFO - Shutting down...
2025-11-11 07:25:57,515 - utils.camera - INFO - Releasing camera...
2025-11-11 07:25:57,789 - utils.camera - INFO - Camera released
2025-11-11 07:25:57,817 - utils.display - INFO - Display destroyed
2025-11-11 07:25:57,829 - config.database - INFO - MySQL closed
2025-11-11 07:25:57,832 - main - INFO - Shutdown complete
2025-11-12 07:29:25,084 - main - INFO - Creating system instance...
2025-11-12 07:29:25,084 - main - INFO - Initializing TrackSite Attendance System...
2025-11-12 07:29:25,084 - main - INFO - Initializing...
2025-11-12 07:29:25,085 - main - INFO - Initializing components...
2025-11-12 07:29:25,085 - main - INFO - Connecting to databases...
2025-11-12 07:29:25,086 - config.database - INFO - SQLite initialized
2025-11-12 07:29:25,134 - config.database - INFO - MySQL connected
2025-11-12 07:29:25,135 - main - INFO - MySQL connected
2025-11-12 07:29:25,136 - main - INFO - SQLite database ready
2025-11-12 07:29:25,137 - main - INFO - Initializing core components...
2025-11-12 07:29:25,138 - main - INFO - Core components initialized
2025-11-12 07:29:25,139 - main - INFO - Initializing camera...
2025-11-12 07:29:25,139 - utils.camera - INFO - Opening camera 0...
2025-11-12 07:29:28,964 - utils.camera - INFO - Camera opened successfully
2025-11-12 07:29:38,844 - utils.camera - INFO - Camera initialized
2025-11-12 07:29:38,845 - utils.camera - INFO - Resolution: 640x480
2025-11-12 07:29:38,845 - utils.camera - INFO - FPS: 30
2025-11-12 07:29:38,856 - utils.camera - INFO - FPS set to 30
2025-11-12 07:29:38,870 - utils.camera - INFO - Resolution set to 640x480
2025-11-12 07:29:38,870 - main - INFO - Camera initialized (640x480 @ 30fps)
2025-11-12 07:29:38,871 - main - INFO - Initializing GPIO...
2025-11-12 07:29:38,871 - utils.gpio_handler - INFO - GPIO Handler: PC mode (no hardware)
2025-11-12 07:29:38,871 - main - INFO - GPIO initialized
2025-11-12 07:29:38,871 - main - INFO - Initializing display...
2025-11-12 07:29:38,932 - utils.display - INFO - Display window created (fullscreen)
2025-11-12 07:29:38,934 - main - INFO - Display initialized (fullscreen)
2025-11-12 07:29:38,937 - main - INFO - Loading face encodings...
2025-11-12 07:29:38,938 - models.face_recognizer - INFO - Loading face encodings...
2025-11-12 07:29:39,016 - config.database - INFO - Cached 1 encodings
2025-11-12 07:29:39,018 - models.face_recognizer - INFO - Loaded 1 encodings
2025-11-12 07:29:39,018 - main - INFO - Loaded 1 face encodings
2025-11-12 07:29:39,018 - main - INFO - ============================================================
2025-11-12 07:29:39,019 - main - INFO - System ready!
2025-11-12 07:29:39,020 - main - INFO - ============================================================
2025-11-12 07:29:39,020 - main - INFO - System ready!
2025-11-12 07:29:39,021 - main - INFO - Starting attendance system...
2025-11-12 07:29:39,023 - main - INFO - Sync worker started
2025-11-12 07:29:40,736 - main - INFO - Recognized: Test Worker (ID: 4)
2025-11-12 07:29:40,869 - main - INFO - TIME IN SUCCESS: Test Worker at 07:29:40
2025-11-12 07:29:44,469 - main - INFO - Recognized: Test Worker (ID: 4)
2025-11-12 07:29:45,283 - main - WARNING - Attendance error: Already scanned recently
2025-11-12 07:29:47,523 - main - INFO - Recognized: Test Worker (ID: 4)
2025-11-12 07:29:48,343 - main - WARNING - Attendance error: Already scanned recently
2025-11-12 07:29:51,232 - main - INFO - Recognized: Test Worker (ID: 4)
2025-11-12 07:29:51,347 - main - WARNING - Attendance error: Already scanned recently
2025-11-12 07:29:54,261 - main - INFO - Recognized: Test Worker (ID: 4)
2025-11-12 07:29:54,349 - main - WARNING - Attendance error: Already scanned recently
2025-11-12 07:29:57,917 - main - INFO - Recognized: Test Worker (ID: 4)
2025-11-12 07:29:57,918 - main - WARNING - Attendance error: Already scanned recently
2025-11-12 07:29:58,670 - main - INFO - Quit key pressed
2025-11-12 07:29:58,670 - main - INFO - Shutting down...
2025-11-12 07:30:01,681 - utils.camera - INFO - Releasing camera...
2025-11-12 07:30:02,023 - utils.camera - INFO - Camera released
2025-11-12 07:30:02,050 - utils.display - INFO - Display destroyed
2025-11-12 07:30:02,052 - config.database - INFO - MySQL closed
2025-11-12 07:30:02,054 - main - INFO - Shutdown complete
2025-11-12 20:30:55,202 - main - INFO - Creating system instance...
2025-11-12 20:30:55,202 - main - INFO - Initializing TrackSite Attendance System...
2025-11-12 20:30:55,203 - main - INFO - Initializing...
2025-11-12 20:30:55,203 - main - INFO - Initializing components...
2025-11-12 20:30:55,203 - main - INFO - Connecting to databases...
2025-11-12 20:30:55,205 - config.database - INFO - SQLite initialized
2025-11-12 20:30:55,254 - config.database - INFO - MySQL connected
2025-11-12 20:30:55,255 - main - INFO - MySQL connected
2025-11-12 20:30:55,255 - main - INFO - SQLite database ready
2025-11-12 20:30:55,255 - main - INFO - Initializing core components...
2025-11-12 20:30:55,255 - main - INFO - Core components initialized
2025-11-12 20:30:55,255 - main - INFO - Initializing camera...
2025-11-12 20:30:55,256 - utils.camera - INFO - Opening camera 0...
2025-11-12 20:30:58,949 - utils.camera - INFO - Camera opened successfully
2025-11-12 20:31:09,060 - utils.camera - INFO - Camera initialized
2025-11-12 20:31:09,063 - utils.camera - INFO - Resolution: 640x480
2025-11-12 20:31:09,064 - utils.camera - INFO - FPS: 30
2025-11-12 20:31:09,076 - utils.camera - INFO - FPS set to 30
2025-11-12 20:31:09,096 - utils.camera - INFO - Resolution set to 640x480
2025-11-12 20:31:09,096 - main - INFO - Camera initialized (640x480 @ 30fps)
2025-11-12 20:31:09,096 - main - INFO - Initializing GPIO...
2025-11-12 20:31:09,097 - utils.gpio_handler - INFO - GPIO Handler: PC mode (no hardware)
2025-11-12 20:31:09,097 - main - INFO - GPIO initialized
2025-11-12 20:31:09,097 - main - INFO - Initializing display...
2025-11-12 20:31:09,180 - utils.display - INFO - Display window created (fullscreen)
2025-11-12 20:31:09,218 - main - INFO - Display initialized (fullscreen)
2025-11-12 20:31:09,218 - main - INFO - Loading face encodings...
2025-11-12 20:31:09,222 - models.face_recognizer - INFO - Loading face encodings...
2025-11-12 20:31:09,303 - config.database - INFO - Cached 1 encodings
2025-11-12 20:31:09,304 - models.face_recognizer - INFO - Loaded 1 encodings
2025-11-12 20:31:09,304 - main - INFO - Loaded 1 face encodings
2025-11-12 20:31:09,305 - main - INFO - ============================================================
2025-11-12 20:31:09,306 - main - INFO - System ready!
2025-11-12 20:31:09,306 - main - INFO - ============================================================
2025-11-12 20:31:09,306 - main - INFO - System ready!
2025-11-12 20:31:09,315 - main - INFO - Starting attendance system...
2025-11-12 20:31:09,316 - main - INFO - Sync worker started
2025-11-12 20:31:10,957 - main - INFO - Recognized: Test Worker (ID: 4)
2025-11-12 20:31:10,960 - main - WARNING - Attendance error: Already timed in. Ready for time-out?
2025-11-12 20:31:13,523 - main - INFO - ⏱ TIME-OUT MODE
2025-11-12 20:31:15,663 - main - INFO - Recognized: Test Worker (ID: 4)
2025-11-12 20:31:15,731 - main - INFO - TIME OUT SUCCESS: Test Worker - 13.03 hours worked
2025-11-12 20:31:18,859 - main - INFO - Recognized: Test Worker (ID: 4)
2025-11-12 20:31:20,161 - main - WARNING - Attendance error: Attendance already completed today
2025-11-12 20:31:22,126 - main - INFO - Recognized: Test Worker (ID: 4)
2025-11-12 20:31:22,782 - main - INFO - Quit key pressed
2025-11-12 20:31:22,782 - main - INFO - Shutting down...
2025-11-12 20:31:23,174 - main - WARNING - Attendance error: Attendance already completed today
2025-11-12 20:31:25,797 - utils.camera - INFO - Releasing camera...
2025-11-12 20:31:26,101 - utils.camera - INFO - Camera released
2025-11-12 20:31:26,113 - utils.display - INFO - Display destroyed
2025-11-12 20:31:26,115 - config.database - INFO - MySQL closed
2025-11-12 20:31:26,116 - main - INFO - Shutdown complete
2025-11-11 07:33:14,617 - __main__ - INFO - Creating system instance...
2025-11-11 07:33:14,617 - __main__ - INFO - Initializing TrackSite Attendance System...
2025-11-11 07:33:14,617 - __main__ - INFO - Initializing...
2025-11-11 07:33:14,617 - __main__ - INFO - Initializing components...
2025-11-11 07:33:14,618 - __main__ - INFO - Connecting to databases...
2025-11-11 07:33:14,619 - config.database - INFO - SQLite initialized
2025-11-11 07:33:14,672 - config.database - INFO - MySQL connected
2025-11-11 07:33:14,672 - __main__ - INFO - MySQL connected
2025-11-11 07:33:14,672 - __main__ - INFO - SQLite database ready
2025-11-11 07:33:14,673 - __main__ - INFO - Initializing core components...
2025-11-11 07:33:14,673 - __main__ - INFO - Core components initialized
2025-11-11 07:33:14,673 - __main__ - INFO - Initializing camera...
2025-11-11 07:33:14,673 - utils.camera - INFO - Opening camera 0...
2025-11-11 07:33:18,065 - utils.camera - INFO - Camera opened successfully
2025-11-11 07:33:27,630 - utils.camera - INFO - Camera initialized
2025-11-11 07:33:27,630 - utils.camera - INFO - Resolution: 640x480
2025-11-11 07:33:27,631 - utils.camera - INFO - FPS: 30
2025-11-11 07:33:27,636 - utils.camera - INFO - FPS set to 30
2025-11-11 07:33:27,647 - utils.camera - INFO - Resolution set to 640x480
2025-11-11 07:33:27,648 - __main__ - INFO - Camera initialized (640x480 @ 30fps)
2025-11-11 07:33:27,648 - __main__ - INFO - Initializing GPIO...
2025-11-11 07:33:27,648 - utils.gpio_handler - INFO - GPIO Handler: PC mode (no hardware)
2025-11-11 07:33:27,648 - __main__ - INFO - GPIO initialized
2025-11-11 07:33:27,648 - __main__ - INFO - Initializing display...
2025-11-11 07:33:27,747 - utils.display - INFO - Display window created (fullscreen)
2025-11-11 07:33:27,750 - __main__ - INFO - Display initialized (fullscreen)
2025-11-11 07:33:27,753 - __main__ - INFO - Loading face encodings...
2025-11-11 07:33:27,754 - models.face_recognizer - INFO - Loading face encodings...
2025-11-11 07:33:27,830 - config.database - INFO - Cached 1 encodings
2025-11-11 07:33:27,831 - models.face_recognizer - INFO - Loaded 1 encodings
2025-11-11 07:33:27,831 - __main__ - INFO - Loaded 1 face encodings
2025-11-11 07:33:27,832 - __main__ - INFO - ============================================================
2025-11-11 07:33:27,832 - __main__ - INFO - System ready!
2025-11-11 07:33:27,833 - __main__ - INFO - ============================================================
2025-11-11 07:33:27,833 - __main__ - INFO - System ready!
2025-11-11 07:33:27,837 - __main__ - INFO - Starting attendance system...
2025-11-11 07:33:27,843 - __main__ - INFO - Sync worker started
2025-11-11 07:33:29,774 - __main__ - INFO - Recognized: Test Worker (ID: 4)
2025-11-11 07:33:33,501 - __main__ - INFO - Recognized: Test Worker (ID: 4)
2025-11-11 07:33:36,691 - __main__ - INFO - Recognized: Test Worker (ID: 4)
2025-11-11 07:33:39,861 - __main__ - INFO - Recognized: Test Worker (ID: 4)
2025-11-11 07:33:43,115 - __main__ - INFO - Recognized: Test Worker (ID: 4)
2025-11-11 07:33:43,119 - __main__ - INFO - ⏱ TIME-OUT MODE
2025-11-11 07:33:46,471 - __main__ - INFO - Recognized: Test Worker (ID: 4)
2025-11-11 07:33:49,660 - __main__ - INFO - Recognized: Test Worker (ID: 4)
2025-11-11 07:34:00,959 - __main__ - INFO - Recognized: Test Worker (ID: 4)
2025-11-11 07:34:04,303 - __main__ - INFO - Recognized: Test Worker (ID: 4)
2025-11-11 07:34:07,392 - __main__ - INFO - Recognized: Test Worker (ID: 4)
2025-11-11 07:34:07,396 - __main__ - INFO - Quit key pressed
2025-11-11 07:34:07,396 - __main__ - INFO - Shutting down...
2025-11-11 07:34:10,401 - utils.camera - INFO - Releasing camera...
2025-11-11 07:34:10,725 - utils.camera - INFO - Camera released
2025-11-11 07:34:10,732 - utils.display - INFO - Display destroyed
2025-11-11 07:34:10,733 - config.database - INFO - MySQL closed
2025-11-11 07:34:10,738 - __main__ - INFO - Shutdown complete
